 2 3 5 7 17 ==23
 2 3 5 7 17 19 ==23
 2 3 5 7 17 19 23 ==23
 2 3 5 7 17 23 ==23
 2 3 5 7 19 ==23
 2 3 5 7 19 23 ==23
 2 3 5 7 23 ==23
 2 3 5 17 ==23
 2 3 5 17 19 ==23
 2 3 5 17 19 23 ==23
 2 3 5 17 23 ==23
 2 3 5 19 ==23
 2 3 5 19 23 ==23
 2 3 5 23 ==23
 2 3 7 17 ==23
 2 3 7 17 19 ==23
 2 3 7 17 19 23 ==23
 2 3 7 17 23 ==23
 2 3 7 19 ==23
 2 3 7 19 23 ==23
 2 3 7 23 ==23
 2 3 17 19 23 ==23
 2 3 17 23 ==23
 2 3 19 23 ==23
 2 3 23 ==23
 2 5 7 17 ==23
 2 5 7 17 19 ==23
 2 5 7 17 19 23 ==23
 2 5 7 17 23 ==23
 2 5 7 19 ==23
 2 5 7 19 23 ==23
 2 5 7 23 ==23
 2 5 17 ==23
 2 5 17 19 ==23
 2 5 17 19 23 ==23
 2 5 17 23 ==23
 2 5 19 ==23
 2 5 19 23 ==23
 2 5 23 ==23
 2 7 17 ==23
 2 7 17 19 ==23
 2 7 17 19 23 ==23
 2 7 17 23 ==23
 2 7 19 ==23
 2 7 19 23 ==23
 2 7 23 ==23
 2 17 19 23 ==23
 2 17 23 ==23
 2 19 23 ==23
 2 23 ==23
 3 5 7 17 ==23
 3 5 7 17 19 ==23
 3 5 7 17 19 23 ==23
 3 5 7 17 23 ==23
 3 5 7 19 ==23
 3 5 7 19 23 ==23
 3 5 7 23 ==23
 3 5 17 ==23
 3 5 17 19 ==23
 3 5 17 19 23 ==23
 3 5 17 23 ==23
 3 5 19 ==23
 3 5 19 23 ==23
 3 5 23 ==23
 3 7 17 ==23
 3 7 17 19 ==23
 3 7 17 19 23 ==23
 3 7 17 23 ==23
 3 7 19 ==23
 3 7 19 23 ==23
 3 7 23 ==23
 3 17 19 23 ==23
 3 17 23 ==23
 3 19 23 ==23
 3 23 ==23
 5 7 17 ==23
 5 7 17 19 ==23
 5 7 17 19 23 ==23
 5 7 17 23 ==23
 5 7 19 ==23
 5 7 19 23 ==23
 5 7 23 ==23
 5 17 19 ==23
 5 17 19 23 ==23
 5 17 23 ==23
 5 19 ==23
 5 19 23 ==23
 5 23 ==23
 7 17 ==23
 7 17 19 ==23
 7 17 19 23 ==23
 7 17 23 ==23
 7 19 ==23
 7 19 23 ==23
 7 23 ==23
 17 19 23 ==23
 17 23 ==23
 19 23 ==23
 23 ==23
